#
# A fatal error has been detected by the Java Runtime Environment:
#
#  EXCEPTION_ACCESS_VIOLATION (0xc0000005) at pc=0x00007ff977d4eff1, pid=37348, tid=33140
#
# JRE version: Java(TM) SE Runtime Environment (17.0.4.1+1) (build 17.0.4.1+1-LTS-2)
# Java VM: Java HotSpot(TM) 64-Bit Server VM (17.0.4.1+1-LTS-2, mixed mode, sharing, tiered, compressed oops, compressed class ptrs, g1 gc, windows-amd64)
# Problematic frame:
# C  [ntdll.dll+0x3eff1]
#
# No core dump will be written. Minidumps are not enabled by default on client versions of Windows
#
# If you would like to submit a bug report, please visit:
#   https://bugreport.java.com/bugreport/crash.jsp
# The crash happened outside the Java Virtual Machine in native code.
# See problematic frame for where to report the bug.
#

---------------  S U M M A R Y ------------

Command Line: -Dfile.encoding=UTF-8 -Duser.country=IT -Duser.language=it -Duser.variant com.gruppo3.game.DesktopLauncher

Host: Intel(R) Core(TM) i7-9700K CPU @ 3.60GHz, 8 cores, 31G,  Windows 11 , 64 bit Build 22621 (10.0.22621.2506)
Time: Tue Jan  9 15:44:12 2024 ora solare Europa occidentale elapsed time: 6.331131 seconds (0d 0h 0m 6s)

---------------  T H R E A D  ---------------

Current thread (0x000001f27fac2e40):  JavaThread "main" [_thread_in_native, id=33140, stack(0x000000551aa00000,0x000000551ab00000)]

Stack: [0x000000551aa00000,0x000000551ab00000],  sp=0x000000551aafe0c0,  free space=1016k
Native frames: (J=compiled Java code, j=interpreted, Vv=VM code, C=native code)
C  [ntdll.dll+0x3eff1]
C  [ntdll.dll+0x3cd59]
C  [msvcrt.dll+0x1cb80]
C  [gdx64.dll+0xe345]

Java frames: (J=compiled Java code, j=interpreted, Vv=VM code)
j  com.badlogic.gdx.graphics.g2d.Gdx2DPixmap.load([J[BII)Ljava/nio/ByteBuffer;+0
j  com.badlogic.gdx.graphics.g2d.Gdx2DPixmap.<init>([BIII)V+19
j  com.badlogic.gdx.graphics.Pixmap.<init>(Lcom/badlogic/gdx/files/FileHandle;)V+38
j  com.badlogic.gdx.graphics.TextureData$Factory.loadFromFile(Lcom/badlogic/gdx/files/FileHandle;Lcom/badlogic/gdx/graphics/Pixmap$Format;Z)Lcom/badlogic/gdx/graphics/TextureData;+99
j  com.badlogic.gdx.graphics.Texture.<init>(Lcom/badlogic/gdx/files/FileHandle;Lcom/badlogic/gdx/graphics/Pixmap$Format;Z)V+4
j  com.badlogic.gdx.graphics.g2d.TextureAtlas.load(Lcom/badlogic/gdx/graphics/g2d/TextureAtlas$TextureAtlasData;)V+65
j  com.badlogic.gdx.graphics.g2d.TextureAtlas.<init>(Lcom/badlogic/gdx/graphics/g2d/TextureAtlas$TextureAtlasData;)V+29
j  com.badlogic.gdx.graphics.g2d.TextureAtlas.<init>(Lcom/badlogic/gdx/files/FileHandle;Lcom/badlogic/gdx/files/FileHandle;Z)V+11
j  com.badlogic.gdx.graphics.g2d.TextureAtlas.<init>(Lcom/badlogic/gdx/files/FileHandle;Lcom/badlogic/gdx/files/FileHandle;)V+4
j  com.badlogic.gdx.graphics.g2d.TextureAtlas.<init>(Lcom/badlogic/gdx/files/FileHandle;)V+6
j  com.badlogic.gdx.graphics.g2d.TextureAtlas.<init>(Ljava/lang/String;)V+10
j  com.gruppo3.game.model.menus.MenuState.<init>(Lcom/gruppo3/game/controller/MenuController;)V+11
j  com.gruppo3.game.model.menus.MainMenu.<init>(Lcom/gruppo3/game/controller/MenuController;)V+2
j  com.gruppo3.game.controller.MenuController.<init>()V+10
j  com.gruppo3.game.screens.MenuScreen.<init>()V+24
j  com.gruppo3.game.model.menus.PauseMenu$4.clicked(Lcom/badlogic/gdx/scenes/scene2d/InputEvent;FF)V+11
j  com.badlogic.gdx.scenes.scene2d.utils.ClickListener.touchUp(Lcom/badlogic/gdx/scenes/scene2d/InputEvent;FFII)V+108
J 1807 c1 com.badlogic.gdx.scenes.scene2d.InputListener.handle(Lcom/badlogic/gdx/scenes/scene2d/Event;)Z (361 bytes) @ 0x000001f2094aca9c [0x000001f2094ab560+0x000000000000153c]
j  com.badlogic.gdx.scenes.scene2d.Stage.touchUp(IIII)Z+213
j  com.badlogic.gdx.InputMultiplexer.touchUp(IIII)Z+41
J 1730 c1 com.badlogic.gdx.InputEventQueue.drain(Lcom/badlogic/gdx/InputProcessor;)V (379 bytes) @ 0x000001f20949490c [0x000001f209494000+0x000000000000090c]
J 1739 c1 com.badlogic.gdx.backends.lwjgl3.Lwjgl3Window.update()Z (217 bytes) @ 0x000001f209498994 [0x000001f209498000+0x0000000000000994]
j  com.badlogic.gdx.backends.lwjgl3.Lwjgl3Application.loop()V+111
j  com.badlogic.gdx.backends.lwjgl3.Lwjgl3Application.<init>(Lcom/badlogic/gdx/ApplicationListener;Lcom/badlogic/gdx/backends/lwjgl3/Lwjgl3ApplicationConfiguration;)V+269
j  com.gruppo3.game.DesktopLauncher.main([Ljava/lang/String;)V+38
v  ~StubRoutines::call_stub

siginfo: EXCEPTION_ACCESS_VIOLATION (0xc0000005), reading address 0xffffffffffffffff


Register to memory mapping:

RIP=0x00007ff977d4eff1 ntdll.dll
RAX=0x00000000000000f4 is an unknown value
RBX=0x000001f27f6e0000 points into unknown readable memory: 0x0000000000000000 | 00 00 00 00 00 00 00 00
RCX=0x000000000000f422 is an unknown value
RDX=0x00000000000000d6 is an unknown value
RSP=0x000000551aafe0c0 is pointing into the stack for thread: 0x000001f27fac2e40
RBP=0x000000551aafe3b9 is pointing into the stack for thread: 0x000001f27fac2e40
RSI=0x000001f23789ada0 points into unknown readable memory: 0x357204348ca44869 | 69 48 a4 8c 34 04 72 35
RDI=0x00000000d600f422 is an unknown value
R8 =0x000001f23789ada0 points into unknown readable memory: 0x357204348ca44869 | 69 48 a4 8c 34 04 72 35
R9 =0x0000000000004890 is an unknown value
R10=0x00007ff977e4cd80 ntdll.dll
R11=0x00000000ffffffff is an unknown value
R12=0x3f435e51feffffff is an unknown value
R13=0x4000000042240000 is an unknown value
R14=0x000001f23789adb0 points into unknown readable memory: 0x4000000042240000 | 00 00 24 42 00 00 00 40
R15=0x0000000000000489 is an unknown value


Registers:
RAX=0x00000000000000f4, RBX=0x000001f27f6e0000, RCX=0x000000000000f422, RDX=0x00000000000000d6
RSP=0x000000551aafe0c0, RBP=0x000000551aafe3b9, RSI=0x000001f23789ada0, RDI=0x00000000d600f422
R8 =0x000001f23789ada0, R9 =0x0000000000004890, R10=0x00007ff977e4cd80, R11=0x00000000ffffffff
R12=0x3f435e51feffffff, R13=0x4000000042240000, R14=0x000001f23789adb0, R15=0x0000000000000489
RIP=0x00007ff977d4eff1, EFLAGS=0x0000000000010216

Top of Stack: (sp=0x000000551aafe0c0)
0x000000551aafe0c0:   0064006e0061005c 004f005c00650072
0x000000551aafe0d0:   007200440065006e 005c006500760069
0x000000551aafe0e0:   006b007300650044 005c0070006f0074
0x000000551aafe0f0:   0000000100690001 0000000000000489
0x000000551aafe100:   007300730061005c 0000000000000000
0x000000551aafe110:   0000000000000000 0072006100000001
0x000000551aafe120:   0073005c00680074 00000000000003ff
0x000000551aafe130:   0074006100000000 007200610065002d
0x000000551aafe140:   0075002d00680074 006e0070002e0069
0x000000551aafe150:   000001f23789ada0 0000000000000000
0x000000551aafe160:   0000000000000000 0000000000000000
0x000000551aafe170:   0000000000000000 0000000000000000
0x000000551aafe180:   00000000000003ff 0000000000000000
0x000000551aafe190:   0000000000000000 0000000000000000
0x000000551aafe1a0:   000001f27f6e0150 0000000000000000
0x000000551aafe1b0:   0000000000000000 0000000000000000 

Instructions: (pc=0x00007ff977d4eff1)
0x00007ff977d4eef1:   8b 4e 08 44 2b 4e 18 41 c1 e9 05 41 ff c9 48 8b
0x00007ff977d4ef01:   46 28 4c 8d 04 b8 4c 89 84 24 d8 00 00 00 41 83
0x00007ff977d4ef11:   e7 1f 41 8b d3 41 0f b6 cf d3 e2 41 23 10 90 85
0x00007ff977d4ef21:   d2 75 20 41 3b f9 0f 87 6d 06 00 00 49 83 c0 04
0x00007ff977d4ef31:   4c 89 84 24 d8 00 00 00 41 8b 10 ff c7 89 7c 24
0x00007ff977d4ef41:   74 eb dc 8b ca 66 85 d2 0f 85 57 05 00 00 f7 c2
0x00007ff977d4ef51:   00 00 ff 00 0f 85 82 06 00 00 48 c1 e9 18 42 0f
0x00007ff977d4ef61:   b6 0c 11 83 c1 18 c1 e7 05 03 f9 89 7c 24 74 44
0x00007ff977d4ef71:   39 76 0c 0f 85 27 13 00 00 48 8b 46 30 4c 8b 34
0x00007ff977d4ef81:   f8 4d 85 f6 0f 84 5d 05 00 00 4c 39 b4 24 e0 00
0x00007ff977d4ef91:   00 00 0f 84 8a 07 00 00 49 8d 76 f0 48 89 b4 24
0x00007ff977d4efa1:   90 00 00 00 41 83 7d 00 00 74 25 8b 93 88 00 00
0x00007ff977d4efb1:   00 33 56 08 89 56 08 8b ca c1 e9 10 8b c2 c1 e8
0x00007ff977d4efc1:   08 32 c8 32 ca c1 ea 18 3a d1 0f 85 d7 12 00 00
0x00007ff977d4efd1:   0f b7 4e 08 0f b7 c1 66 c1 e8 08 4c 8b 7c 24 38
0x00007ff977d4efe1:   49 3b cf 0f 82 f1 12 00 00 4d 8b 2e 4c 8b 66 18
0x00007ff977d4eff1:   49 8b 04 24 4d 8b 4d 08 49 3b c1 0f 85 b6 12 00
0x00007ff977d4f001:   00 49 3b c6 0f 85 ad 12 00 00 48 8b 83 c0 00 00
0x00007ff977d4f011:   00 48 2b c1 48 89 83 c0 00 00 00 48 8b 93 38 01
0x00007ff977d4f021:   00 00 48 85 d2 74 3f 0f b7 4e 08 0f 1f 40 00 8b
0x00007ff977d4f031:   42 08 48 3b c8 72 0f 48 8b 3a 48 85 ff 0f 85 65
0x00007ff977d4f041:   01 00 00 8d 48 ff 48 89 4c 24 38 0f b7 46 08 48
0x00007ff977d4f051:   89 44 24 28 89 4c 24 20 4d 8b ce 41 b0 01 48 8b
0x00007ff977d4f061:   cb e8 05 9a 00 00 4d 89 2c 24 4d 89 65 08 f6 46
0x00007ff977d4f071:   0a 08 0f 85 9a 07 00 00 41 be ff ff ff ff 4c 8d
0x00007ff977d4f081:   66 0a 4c 89 64 24 38 45 0f b6 2c 24 44 88 6c 24
0x00007ff977d4f091:   40 44 8b 54 24 34 45 85 d2 0f 84 33 08 00 00 48
0x00007ff977d4f0a1:   89 b4 24 b8 00 00 00 41 f6 04 24 01 0f 85 8e 12
0x00007ff977d4f0b1:   00 00 32 c0 84 c0 0f 85 8b 12 00 00 8b 44 24 58
0x00007ff977d4f0c1:   41 88 04 24 0f b7 7e 08 49 2b ff 66 44 89 7e 08
0x00007ff977d4f0d1:   48 8b 84 24 78 02 00 00 4c 8b 8c 24 70 02 00 00
0x00007ff977d4f0e1:   49 2b c1 48 89 84 24 78 01 00 00 49 8b cf 48 c1 


Stack slot to memory mapping:
stack at sp + 0 slots: 0x0064006e0061005c is an unknown value
stack at sp + 1 slots: 0x004f005c00650072 is an unknown value
stack at sp + 2 slots: 0x007200440065006e is an unknown value
stack at sp + 3 slots: 0x005c006500760069 is an unknown value
stack at sp + 4 slots: 0x006b007300650044 is an unknown value
stack at sp + 5 slots: 0x005c0070006f0074 is an unknown value
stack at sp + 6 slots: 0x0000000100690001 is an unknown value
stack at sp + 7 slots: 0x0000000000000489 is an unknown value


---------------  P R O C E S S  ---------------

Threads class SMR info:
_java_thread_list=0x000001f236b40cb0, length=15, elements={
0x000001f27fac2e40, 0x000001f22b3176d0, 0x000001f22b318540, 0x000001f22b3284b0,
0x000001f22b32af70, 0x000001f22b32b920, 0x000001f22b32e2e0, 0x000001f22b32f680,
0x000001f22b338b50, 0x000001f22b33d260, 0x000001f22ddb4ca0, 0x000001f22ddc1540,
0x000001f22f272b40, 0x000001f2303ae680, 0x000001f2301afc90
}

Java Threads: ( => current thread )
=>0x000001f27fac2e40 JavaThread "main" [_thread_in_native, id=33140, stack(0x000000551aa00000,0x000000551ab00000)]
  0x000001f22b3176d0 JavaThread "Reference Handler" daemon [_thread_blocked, id=20396, stack(0x000000551b100000,0x000000551b200000)]
  0x000001f22b318540 JavaThread "Finalizer" daemon [_thread_blocked, id=30728, stack(0x000000551b200000,0x000000551b300000)]
  0x000001f22b3284b0 JavaThread "Signal Dispatcher" daemon [_thread_blocked, id=23464, stack(0x000000551b300000,0x000000551b400000)]
  0x000001f22b32af70 JavaThread "Attach Listener" daemon [_thread_blocked, id=41484, stack(0x000000551b400000,0x000000551b500000)]
  0x000001f22b32b920 JavaThread "Service Thread" daemon [_thread_blocked, id=2220, stack(0x000000551b500000,0x000000551b600000)]
  0x000001f22b32e2e0 JavaThread "Monitor Deflation Thread" daemon [_thread_blocked, id=40200, stack(0x000000551b600000,0x000000551b700000)]
  0x000001f22b32f680 JavaThread "C2 CompilerThread0" daemon [_thread_blocked, id=28596, stack(0x000000551b700000,0x000000551b800000)]
  0x000001f22b338b50 JavaThread "C1 CompilerThread0" daemon [_thread_blocked, id=31868, stack(0x000000551b800000,0x000000551b900000)]
  0x000001f22b33d260 JavaThread "Sweeper thread" daemon [_thread_blocked, id=46160, stack(0x000000551b900000,0x000000551ba00000)]
  0x000001f22ddb4ca0 JavaThread "Notification Thread" daemon [_thread_blocked, id=2224, stack(0x000000551ba00000,0x000000551bb00000)]
  0x000001f22ddc1540 JavaThread "Common-Cleaner" daemon [_thread_blocked, id=24368, stack(0x000000551bc00000,0x000000551bd00000)]
  0x000001f22f272b40 JavaThread "Thread-0" daemon [_thread_blocked, id=43516, stack(0x000000551c400000,0x000000551c500000)]
  0x000001f2303ae680 JavaThread "AssetManager" daemon [_thread_blocked, id=25672, stack(0x000000551ca00000,0x000000551cb00000)]
  0x000001f2301afc90 JavaThread "LWJGL3 Timer" daemon [_thread_blocked, id=18860, stack(0x000000551d300000,0x000000551d400000)]

Other Threads:
  0x000001f22b313ae0 VMThread "VM Thread" [stack: 0x000000551b000000,0x000000551b100000] [id=24452]
  0x000001f22b189b80 WatcherThread [stack: 0x000000551bb00000,0x000000551bc00000] [id=43912]
  0x000001f27fb6ec10 GCTaskThread "GC Thread#0" [stack: 0x000000551ab00000,0x000000551ac00000] [id=40972]
  0x000001f2302adbb0 GCTaskThread "GC Thread#1" [stack: 0x000000551cb00000,0x000000551cc00000] [id=8048]
  0x000001f23668ba60 GCTaskThread "GC Thread#2" [stack: 0x000000551cc00000,0x000000551cd00000] [id=25976]
  0x000001f2366878f0 GCTaskThread "GC Thread#3" [stack: 0x000000551cd00000,0x000000551ce00000] [id=27252]
  0x000001f236687fb0 GCTaskThread "GC Thread#4" [stack: 0x000000551ce00000,0x000000551cf00000] [id=8356]
  0x000001f236688670 GCTaskThread "GC Thread#5" [stack: 0x000000551cf00000,0x000000551d000000] [id=22064]
  0x000001f2364cc430 GCTaskThread "GC Thread#6" [stack: 0x000000551d000000,0x000000551d100000] [id=26612]
  0x000001f2364ccaf0 GCTaskThread "GC Thread#7" [stack: 0x000000551d100000,0x000000551d200000] [id=30400]
  0x000001f22b174060 ConcurrentGCThread "G1 Main Marker" [stack: 0x000000551ac00000,0x000000551ad00000] [id=24960]
  0x000001f22b174a70 ConcurrentGCThread "G1 Conc#0" [stack: 0x000000551ad00000,0x000000551ae00000] [id=11996]
  0x000001f22b24ec60 ConcurrentGCThread "G1 Refine#0" [stack: 0x000000551ae00000,0x000000551af00000] [id=25528]
  0x000001f236d48920 ConcurrentGCThread "G1 Refine#1" [stack: 0x000000551bd00000,0x000000551be00000] [id=37332]
  0x000001f236d37850 ConcurrentGCThread "G1 Refine#2" [stack: 0x000000551d200000,0x000000551d300000] [id=39628]
  0x000001f22b24f680 ConcurrentGCThread "G1 Service" [stack: 0x000000551af00000,0x000000551b000000] [id=6872]

Threads with active compile tasks:

VM state: not at safepoint (normal execution)

VM Mutex/Monitor currently owned by a thread: None

Heap address: 0x0000000601400000, size: 8172 MB, Compressed Oops mode: Zero based, Oop shift amount: 3

CDS archive(s) mapped at: [0x0000000800000000-0x0000000800bc0000-0x0000000800bc0000), size 12320768, SharedBaseAddress: 0x0000000800000000, ArchiveRelocationMode: 0.
Compressed class space mapped at: 0x0000000800c00000-0x0000000840c00000, reserved size: 1073741824
Narrow klass base: 0x0000000800000000, Narrow klass shift: 0, Narrow klass range: 0x100000000

GC Precious Log:
 CPUs: 8 total, 8 available
 Memory: 32675M
 Large Page Support: Disabled
 NUMA Support: Disabled
 Compressed Oops: Enabled (Zero based)
 Heap Region Size: 4M
 Heap Min Capacity: 8M
 Heap Initial Capacity: 512M
 Heap Max Capacity: 8172M
 Pre-touch: Disabled
 Parallel Workers: 8
 Concurrent Workers: 2
 Concurrent Refinement Workers: 8
 Periodic GC: Disabled

Heap:
 garbage-first heap   total 524288K, used 13808K [0x0000000601400000, 0x0000000800000000)
  region size 4096K, 3 young (12288K), 1 survivors (4096K)
 Metaspace       used 9617K, committed 9792K, reserved 1064960K
  class space    used 796K, committed 896K, reserved 1048576K

Heap Regions: E=young(eden), S=young(survivor), O=old, HS=humongous(starts), HC=humongous(continues), CS=collection set, F=free, OA=open archive, CA=closed archive, TAMS=top-at-mark-start (previous, next)
|   0|0x0000000601400000, 0x0000000601800000, 0x0000000601800000|100%| O|  |TAMS 0x0000000601400000, 0x0000000601400000| Untracked 
|   1|0x0000000601800000, 0x000000060197c200, 0x0000000601c00000| 37%| O|  |TAMS 0x0000000601800000, 0x0000000601800000| Untracked 
|   2|0x0000000601c00000, 0x0000000601c00000, 0x0000000602000000|  0%| F|  |TAMS 0x0000000601c00000, 0x0000000601c00000| Untracked 
|   3|0x0000000602000000, 0x0000000602000000, 0x0000000602400000|  0%| F|  |TAMS 0x0000000602000000, 0x0000000602000000| Untracked 
|   4|0x0000000602400000, 0x0000000602400000, 0x0000000602800000|  0%| F|  |TAMS 0x0000000602400000, 0x0000000602400000| Untracked 
|   5|0x0000000602800000, 0x0000000602800000, 0x0000000602c00000|  0%| F|  |TAMS 0x0000000602800000, 0x0000000602800000| Untracked 
|   6|0x0000000602c00000, 0x0000000602c00000, 0x0000000603000000|  0%| F|  |TAMS 0x0000000602c00000, 0x0000000602c00000| Untracked 
|   7|0x0000000603000000, 0x0000000603000000, 0x0000000603400000|  0%| F|  |TAMS 0x0000000603000000, 0x0000000603000000| Untracked 
|   8|0x0000000603400000, 0x0000000603400000, 0x0000000603800000|  0%| F|  |TAMS 0x0000000603400000, 0x0000000603400000| Untracked 
|   9|0x0000000603800000, 0x0000000603800000, 0x0000000603c00000|  0%| F|  |TAMS 0x0000000603800000, 0x0000000603800000| Untracked 
|  10|0x0000000603c00000, 0x0000000603c00000, 0x0000000604000000|  0%| F|  |TAMS 0x0000000603c00000, 0x0000000603c00000| Untracked 
|  11|0x0000000604000000, 0x0000000604000000, 0x0000000604400000|  0%| F|  |TAMS 0x0000000604000000, 0x0000000604000000| Untracked 
|  12|0x0000000604400000, 0x0000000604400000, 0x0000000604800000|  0%| F|  |TAMS 0x0000000604400000, 0x0000000604400000| Untracked 
|  13|0x0000000604800000, 0x0000000604800000, 0x0000000604c00000|  0%| F|  |TAMS 0x0000000604800000, 0x0000000604800000| Untracked 
|  14|0x0000000604c00000, 0x0000000604c00000, 0x0000000605000000|  0%| F|  |TAMS 0x0000000604c00000, 0x0000000604c00000| Untracked 
|  15|0x0000000605000000, 0x0000000605000000, 0x0000000605400000|  0%| F|  |TAMS 0x0000000605000000, 0x0000000605000000| Untracked 
|  16|0x0000000605400000, 0x0000000605400000, 0x0000000605800000|  0%| F|  |TAMS 0x0000000605400000, 0x0000000605400000| Untracked 
|  17|0x0000000605800000, 0x0000000605800000, 0x0000000605c00000|  0%| F|  |TAMS 0x0000000605800000, 0x0000000605800000| Untracked 
|  18|0x0000000605c00000, 0x0000000605c00000, 0x0000000606000000|  0%| F|  |TAMS 0x0000000605c00000, 0x0000000605c00000| Untracked 
|  19|0x0000000606000000, 0x0000000606000000, 0x0000000606400000|  0%| F|  |TAMS 0x0000000606000000, 0x0000000606000000| Untracked 
|  20|0x0000000606400000, 0x0000000606400000, 0x0000000606800000|  0%| F|  |TAMS 0x0000000606400000, 0x0000000606400000| Untracked 
|  21|0x0000000606800000, 0x0000000606800000, 0x0000000606c00000|  0%| F|  |TAMS 0x0000000606800000, 0x0000000606800000| Untracked 
|  22|0x0000000606c00000, 0x0000000606c00000, 0x0000000607000000|  0%| F|  |TAMS 0x0000000606c00000, 0x0000000606c00000| Untracked 
|  23|0x0000000607000000, 0x0000000607000000, 0x0000000607400000|  0%| F|  |TAMS 0x0000000607000000, 0x0000000607000000| Untracked 
|  24|0x0000000607400000, 0x0000000607400000, 0x0000000607800000|  0%| F|  |TAMS 0x0000000607400000, 0x0000000607400000| Untracked 
|  25|0x0000000607800000, 0x0000000607800000, 0x0000000607c00000|  0%| F|  |TAMS 0x0000000607800000, 0x0000000607800000| Untracked 
|  26|0x0000000607c00000, 0x0000000607c00000, 0x0000000608000000|  0%| F|  |TAMS 0x0000000607c00000, 0x0000000607c00000| Untracked 
|  27|0x0000000608000000, 0x0000000608000000, 0x0000000608400000|  0%| F|  |TAMS 0x0000000608000000, 0x0000000608000000| Untracked 
|  28|0x0000000608400000, 0x0000000608400000, 0x0000000608800000|  0%| F|  |TAMS 0x0000000608400000, 0x0000000608400000| Untracked 
|  29|0x0000000608800000, 0x0000000608800000, 0x0000000608c00000|  0%| F|  |TAMS 0x0000000608800000, 0x0000000608800000| Untracked 
|  30|0x0000000608c00000, 0x0000000608c00000, 0x0000000609000000|  0%| F|  |TAMS 0x0000000608c00000, 0x0000000608c00000| Untracked 
|  31|0x0000000609000000, 0x0000000609000000, 0x0000000609400000|  0%| F|  |TAMS 0x0000000609000000, 0x0000000609000000| Untracked 
|  32|0x0000000609400000, 0x0000000609400000, 0x0000000609800000|  0%| F|  |TAMS 0x0000000609400000, 0x0000000609400000| Untracked 
|  33|0x0000000609800000, 0x0000000609800000, 0x0000000609c00000|  0%| F|  |TAMS 0x0000000609800000, 0x0000000609800000| Untracked 
|  34|0x0000000609c00000, 0x0000000609c00000, 0x000000060a000000|  0%| F|  |TAMS 0x0000000609c00000, 0x0000000609c00000| Untracked 
|  35|0x000000060a000000, 0x000000060a000000, 0x000000060a400000|  0%| F|  |TAMS 0x000000060a000000, 0x000000060a000000| Untracked 
|  36|0x000000060a400000, 0x000000060a400000, 0x000000060a800000|  0%| F|  |TAMS 0x000000060a400000, 0x000000060a400000| Untracked 
|  37|0x000000060a800000, 0x000000060a800000, 0x000000060ac00000|  0%| F|  |TAMS 0x000000060a800000, 0x000000060a800000| Untracked 
|  38|0x000000060ac00000, 0x000000060ac00000, 0x000000060b000000|  0%| F|  |TAMS 0x000000060ac00000, 0x000000060ac00000| Untracked 
|  39|0x000000060b000000, 0x000000060b000000, 0x000000060b400000|  0%| F|  |TAMS 0x000000060b000000, 0x000000060b000000| Untracked 
|  40|0x000000060b400000, 0x000000060b400000, 0x000000060b800000|  0%| F|  |TAMS 0x000000060b400000, 0x000000060b400000| Untracked 
|  41|0x000000060b800000, 0x000000060b800000, 0x000000060bc00000|  0%| F|  |TAMS 0x000000060b800000, 0x000000060b800000| Untracked 
|  42|0x000000060bc00000, 0x000000060bc00000, 0x000000060c000000|  0%| F|  |TAMS 0x000000060bc00000, 0x000000060bc00000| Untracked 
|  43|0x000000060c000000, 0x000000060c000000, 0x000000060c400000|  0%| F|  |TAMS 0x000000060c000000, 0x000000060c000000| Untracked 
|  44|0x000000060c400000, 0x000000060c400000, 0x000000060c800000|  0%| F|  |TAMS 0x000000060c400000, 0x000000060c400000| Untracked 
|  45|0x000000060c800000, 0x000000060c800000, 0x000000060cc00000|  0%| F|  |TAMS 0x000000060c800000, 0x000000060c800000| Untracked 
|  46|0x000000060cc00000, 0x000000060cc00000, 0x000000060d000000|  0%| F|  |TAMS 0x000000060cc00000, 0x000000060cc00000| Untracked 
|  47|0x000000060d000000, 0x000000060d000000, 0x000000060d400000|  0%| F|  |TAMS 0x000000060d000000, 0x000000060d000000| Untracked 
|  48|0x000000060d400000, 0x000000060d400000, 0x000000060d800000|  0%| F|  |TAMS 0x000000060d400000, 0x000000060d400000| Untracked 
|  49|0x000000060d800000, 0x000000060d800000, 0x000000060dc00000|  0%| F|  |TAMS 0x000000060d800000, 0x000000060d800000| Untracked 
|  50|0x000000060dc00000, 0x000000060dc00000, 0x000000060e000000|  0%| F|  |TAMS 0x000000060dc00000, 0x000000060dc00000| Untracked 
|  51|0x000000060e000000, 0x000000060e000000, 0x000000060e400000|  0%| F|  |TAMS 0x000000060e000000, 0x000000060e000000| Untracked 
|  52|0x000000060e400000, 0x000000060e400000, 0x000000060e800000|  0%| F|  |TAMS 0x000000060e400000, 0x000000060e400000| Untracked 
|  53|0x000000060e800000, 0x000000060e800000, 0x000000060ec00000|  0%| F|  |TAMS 0x000000060e800000, 0x000000060e800000| Untracked 
|  54|0x000000060ec00000, 0x000000060ec00000, 0x000000060f000000|  0%| F|  |TAMS 0x000000060ec00000, 0x000000060ec00000| Untracked 
|  55|0x000000060f000000, 0x000000060f000000, 0x000000060f400000|  0%| F|  |TAMS 0x000000060f000000, 0x000000060f000000| Untracked 
|  56|0x000000060f400000, 0x000000060f400000, 0x000000060f800000|  0%| F|  |TAMS 0x000000060f400000, 0x000000060f400000| Untracked 
|  57|0x000000060f800000, 0x000000060f800000, 0x000000060fc00000|  0%| F|  |TAMS 0x000000060f800000, 0x000000060f800000| Untracked 
|  58|0x000000060fc00000, 0x000000060fc00000, 0x0000000610000000|  0%| F|  |TAMS 0x000000060fc00000, 0x000000060fc00000| Untracked 
|  59|0x0000000610000000, 0x0000000610000000, 0x0000000610400000|  0%| F|  |TAMS 0x0000000610000000, 0x0000000610000000| Untracked 
|  60|0x0000000610400000, 0x0000000610400000, 0x0000000610800000|  0%| F|  |TAMS 0x0000000610400000, 0x0000000610400000| Untracked 
|  61|0x0000000610800000, 0x0000000610800000, 0x0000000610c00000|  0%| F|  |TAMS 0x0000000610800000, 0x0000000610800000| Untracked 
|  62|0x0000000610c00000, 0x0000000610c00000, 0x0000000611000000|  0%| F|  |TAMS 0x0000000610c00000, 0x0000000610c00000| Untracked 
|  63|0x0000000611000000, 0x0000000611000000, 0x0000000611400000|  0%| F|  |TAMS 0x0000000611000000, 0x0000000611000000| Untracked 
|  64|0x0000000611400000, 0x0000000611400000, 0x0000000611800000|  0%| F|  |TAMS 0x0000000611400000, 0x0000000611400000| Untracked 
|  65|0x0000000611800000, 0x0000000611800000, 0x0000000611c00000|  0%| F|  |TAMS 0x0000000611800000, 0x0000000611800000| Untracked 
|  66|0x0000000611c00000, 0x0000000611c00000, 0x0000000612000000|  0%| F|  |TAMS 0x0000000611c00000, 0x0000000611c00000| Untracked 
|  67|0x0000000612000000, 0x0000000612000000, 0x0000000612400000|  0%| F|  |TAMS 0x0000000612000000, 0x0000000612000000| Untracked 
|  68|0x0000000612400000, 0x0000000612400000, 0x0000000612800000|  0%| F|  |TAMS 0x0000000612400000, 0x0000000612400000| Untracked 
|  69|0x0000000612800000, 0x0000000612800000, 0x0000000612c00000|  0%| F|  |TAMS 0x0000000612800000, 0x0000000612800000| Untracked 
|  70|0x0000000612c00000, 0x0000000612c00000, 0x0000000613000000|  0%| F|  |TAMS 0x0000000612c00000, 0x0000000612c00000| Untracked 
|  71|0x0000000613000000, 0x0000000613000000, 0x0000000613400000|  0%| F|  |TAMS 0x0000000613000000, 0x0000000613000000| Untracked 
|  72|0x0000000613400000, 0x0000000613400000, 0x0000000613800000|  0%| F|  |TAMS 0x0000000613400000, 0x0000000613400000| Untracked 
|  73|0x0000000613800000, 0x0000000613800000, 0x0000000613c00000|  0%| F|  |TAMS 0x0000000613800000, 0x0000000613800000| Untracked 
|  74|0x0000000613c00000, 0x0000000613c00000, 0x0000000614000000|  0%| F|  |TAMS 0x0000000613c00000, 0x0000000613c00000| Untracked 
|  75|0x0000000614000000, 0x0000000614000000, 0x0000000614400000|  0%| F|  |TAMS 0x0000000614000000, 0x0000000614000000| Untracked 
|  76|0x0000000614400000, 0x0000000614400000, 0x0000000614800000|  0%| F|  |TAMS 0x0000000614400000, 0x0000000614400000| Untracked 
|  77|0x0000000614800000, 0x0000000614800000, 0x0000000614c00000|  0%| F|  |TAMS 0x0000000614800000, 0x0000000614800000| Untracked 
|  78|0x0000000614c00000, 0x0000000614c00000, 0x0000000615000000|  0%| F|  |TAMS 0x0000000614c00000, 0x0000000614c00000| Untracked 
|  79|0x0000000615000000, 0x0000000615000000, 0x0000000615400000|  0%| F|  |TAMS 0x0000000615000000, 0x0000000615000000| Untracked 
|  80|0x0000000615400000, 0x0000000615400000, 0x0000000615800000|  0%| F|  |TAMS 0x0000000615400000, 0x0000000615400000| Untracked 
|  81|0x0000000615800000, 0x0000000615800000, 0x0000000615c00000|  0%| F|  |TAMS 0x0000000615800000, 0x0000000615800000| Untracked 
|  82|0x0000000615c00000, 0x0000000615c00000, 0x0000000616000000|  0%| F|  |TAMS 0x0000000615c00000, 0x0000000615c00000| Untracked 
|  83|0x0000000616000000, 0x0000000616000000, 0x0000000616400000|  0%| F|  |TAMS 0x0000000616000000, 0x0000000616000000| Untracked 
|  84|0x0000000616400000, 0x0000000616400000, 0x0000000616800000|  0%| F|  |TAMS 0x0000000616400000, 0x0000000616400000| Untracked 
|  85|0x0000000616800000, 0x0000000616800000, 0x0000000616c00000|  0%| F|  |TAMS 0x0000000616800000, 0x0000000616800000| Untracked 
|  86|0x0000000616c00000, 0x0000000616c00000, 0x0000000617000000|  0%| F|  |TAMS 0x0000000616c00000, 0x0000000616c00000| Untracked 
|  87|0x0000000617000000, 0x0000000617000000, 0x0000000617400000|  0%| F|  |TAMS 0x0000000617000000, 0x0000000617000000| Untracked 
|  88|0x0000000617400000, 0x0000000617400000, 0x0000000617800000|  0%| F|  |TAMS 0x0000000617400000, 0x0000000617400000| Untracked 
|  89|0x0000000617800000, 0x0000000617800000, 0x0000000617c00000|  0%| F|  |TAMS 0x0000000617800000, 0x0000000617800000| Untracked 
|  90|0x0000000617c00000, 0x0000000617c00000, 0x0000000618000000|  0%| F|  |TAMS 0x0000000617c00000, 0x0000000617c00000| Untracked 
|  91|0x0000000618000000, 0x0000000618000000, 0x0000000618400000|  0%| F|  |TAMS 0x0000000618000000, 0x0000000618000000| Untracked 
|  92|0x0000000618400000, 0x0000000618400000, 0x0000000618800000|  0%| F|  |TAMS 0x0000000618400000, 0x0000000618400000| Untracked 
|  93|0x0000000618800000, 0x0000000618800000, 0x0000000618c00000|  0%| F|  |TAMS 0x0000000618800000, 0x0000000618800000| Untracked 
|  94|0x0000000618c00000, 0x0000000618c00000, 0x0000000619000000|  0%| F|  |TAMS 0x0000000618c00000, 0x0000000618c00000| Untracked 
|  95|0x0000000619000000, 0x0000000619000000, 0x0000000619400000|  0%| F|  |TAMS 0x0000000619000000, 0x0000000619000000| Untracked 
|  96|0x0000000619400000, 0x0000000619400000, 0x0000000619800000|  0%| F|  |TAMS 0x0000000619400000, 0x0000000619400000| Untracked 
|  97|0x0000000619800000, 0x0000000619800000, 0x0000000619c00000|  0%| F|  |TAMS 0x0000000619800000, 0x0000000619800000| Untracked 
|  98|0x0000000619c00000, 0x0000000619c00000, 0x000000061a000000|  0%| F|  |TAMS 0x0000000619c00000, 0x0000000619c00000| Untracked 
|  99|0x000000061a000000, 0x000000061a000000, 0x000000061a400000|  0%| F|  |TAMS 0x000000061a000000, 0x000000061a000000| Untracked 
| 100|0x000000061a400000, 0x000000061a400000, 0x000000061a800000|  0%| F|  |TAMS 0x000000061a400000, 0x000000061a400000| Untracked 
| 101|0x000000061a800000, 0x000000061a800000, 0x000000061ac00000|  0%| F|  |TAMS 0x000000061a800000, 0x000000061a800000| Untracked 
| 102|0x000000061ac00000, 0x000000061ac00000, 0x000000061b000000|  0%| F|  |TAMS 0x000000061ac00000, 0x000000061ac00000| Untracked 
| 103|0x000000061b000000, 0x000000061b000000, 0x000000061b400000|  0%| F|  |TAMS 0x000000061b000000, 0x000000061b000000| Untracked 
| 104|0x000000061b400000, 0x000000061b400000, 0x000000061b800000|  0%| F|  |TAMS 0x000000061b400000, 0x000000061b400000| Untracked 
| 105|0x000000061b800000, 0x000000061b800000, 0x000000061bc00000|  0%| F|  |TAMS 0x000000061b800000, 0x000000061b800000| Untracked 
| 106|0x000000061bc00000, 0x000000061bc00000, 0x000000061c000000|  0%| F|  |TAMS 0x000000061bc00000, 0x000000061bc00000| Untracked 
| 107|0x000000061c000000, 0x000000061c000000, 0x000000061c400000|  0%| F|  |TAMS 0x000000061c000000, 0x000000061c000000| Untracked 
| 108|0x000000061c400000, 0x000000061c400000, 0x000000061c800000|  0%| F|  |TAMS 0x000000061c400000, 0x000000061c400000| Untracked 
| 109|0x000000061c800000, 0x000000061c800000, 0x000000061cc00000|  0%| F|  |TAMS 0x000000061c800000, 0x000000061c800000| Untracked 
| 110|0x000000061cc00000, 0x000000061cc00000, 0x000000061d000000|  0%| F|  |TAMS 0x000000061cc00000, 0x000000061cc00000| Untracked 
| 111|0x000000061d000000, 0x000000061d000000, 0x000000061d400000|  0%| F|  |TAMS 0x000000061d000000, 0x000000061d000000| Untracked 
| 112|0x000000061d400000, 0x000000061d400000, 0x000000061d800000|  0%| F|  |TAMS 0x000000061d400000, 0x000000061d400000| Untracked 
| 113|0x000000061d800000, 0x000000061d800000, 0x000000061dc00000|  0%| F|  |TAMS 0x000000061d800000, 0x000000061d800000| Untracked 
| 114|0x000000061dc00000, 0x000000061dc00000, 0x000000061e000000|  0%| F|  |TAMS 0x000000061dc00000, 0x000000061dc00000| Untracked 
| 115|0x000000061e000000, 0x000000061e000000, 0x000000061e400000|  0%| F|  |TAMS 0x000000061e000000, 0x000000061e000000| Untracked 
| 116|0x000000061e400000, 0x000000061e400000, 0x000000061e800000|  0%| F|  |TAMS 0x000000061e400000, 0x000000061e400000| Untracked 
| 117|0x000000061e800000, 0x000000061e800000, 0x000000061ec00000|  0%| F|  |TAMS 0x000000061e800000, 0x000000061e800000| Untracked 
| 118|0x000000061ec00000, 0x000000061ec00000, 0x000000061f000000|  0%| F|  |TAMS 0x000000061ec00000, 0x000000061ec00000| Untracked 
| 119|0x000000061f000000, 0x000000061f400000, 0x000000061f400000|100%| S|CS|TAMS 0x000000061f000000, 0x000000061f000000| Complete 
| 120|0x000000061f400000, 0x000000061f400000, 0x000000061f800000|  0%| F|  |TAMS 0x000000061f400000, 0x000000061f400000| Untracked 
| 121|0x000000061f800000, 0x000000061f800000, 0x000000061fc00000|  0%| F|  |TAMS 0x000000061f800000, 0x000000061f800000| Untracked 
| 122|0x000000061fc00000, 0x000000061fc00000, 0x0000000620000000|  0%| F|  |TAMS 0x000000061fc00000, 0x000000061fc00000| Untracked 
| 123|0x0000000620000000, 0x0000000620000000, 0x0000000620400000|  0%| F|  |TAMS 0x0000000620000000, 0x0000000620000000| Untracked 
| 124|0x0000000620400000, 0x0000000620400000, 0x0000000620800000|  0%| F|  |TAMS 0x0000000620400000, 0x0000000620400000| Untracked 
| 125|0x0000000620800000, 0x0000000620800000, 0x0000000620c00000|  0%| F|  |TAMS 0x0000000620800000, 0x0000000620800000| Untracked 
| 126|0x0000000620c00000, 0x0000000621000000, 0x0000000621000000|100%| E|  |TAMS 0x0000000620c00000, 0x0000000620c00000| Complete 
| 127|0x0000000621000000, 0x0000000621400000, 0x0000000621400000|100%| E|CS|TAMS 0x0000000621000000, 0x0000000621000000| Complete 

Card table byte_map: [0x000001f219210000,0x000001f21a210000] _byte_map_base: 0x000001f216206000

Marking Bits (Prev, Next): (CMBitMap*) 0x000001f27fb6f220, (CMBitMap*) 0x000001f27fb6f260
 Prev Bits: [0x000001f21b210000, 0x000001f2231c0000)
 Next Bits: [0x000001f2231c0000, 0x000001f22b170000)

Polling page: 0x000001f27f610000

Metaspace:

Usage:
  Non-class:      8.61 MB used.
      Class:    796.41 KB used.
       Both:      9.39 MB used.

Virtual space:
  Non-class space:       16.00 MB reserved,       8.69 MB ( 54%) committed,  2 nodes.
      Class space:        1.00 GB reserved,     896.00 KB ( <1%) committed,  1 nodes.
             Both:        1.02 GB reserved,       9.56 MB ( <1%) committed. 

Chunk freelists:
   Non-Class:  2.02 MB
       Class:  3.07 MB
        Both:  5.09 MB

MaxMetaspaceSize: unlimited
CompressedClassSpaceSize: 1.00 GB
Initial GC threshold: 21.00 MB
Current GC threshold: 21.00 MB
CDS: on
MetaspaceReclaimPolicy: balanced
 - commit_granule_bytes: 65536.
 - commit_granule_words: 8192.
 - virtual_space_node_default_size: 1048576.
 - enlarge_chunks_in_place: 1.
 - new_chunks_are_fully_committed: 0.
 - uncommit_free_chunks: 1.
 - use_allocation_guard: 0.
 - handle_deallocations: 1.


Internal statistics:

num_allocs_failed_limit: 0.
num_arena_births: 80.
num_arena_deaths: 0.
num_vsnodes_births: 3.
num_vsnodes_deaths: 0.
num_space_committed: 151.
num_space_uncommitted: 0.
num_chunks_returned_to_freelist: 0.
num_chunks_taken_from_freelist: 348.
num_chunk_merges: 0.
num_chunk_splits: 256.
num_chunks_enlarged: 204.
num_purges: 0.
num_inconsistent_stats: 0.

CodeHeap 'non-profiled nmethods': size=120000Kb used=1072Kb max_used=1072Kb free=118927Kb
 bounds [0x000001f210680000, 0x000001f2108f0000, 0x000001f217bb0000]
CodeHeap 'profiled nmethods': size=120000Kb used=4079Kb max_used=4079Kb free=115921Kb
 bounds [0x000001f209150000, 0x000001f209550000, 0x000001f210680000]
CodeHeap 'non-nmethods': size=5760Kb used=1668Kb max_used=1688Kb free=4091Kb
 bounds [0x000001f208bb0000, 0x000001f208e20000, 0x000001f209150000]
 total_blobs=3125 nmethods=2009 adapters=1029
 compilation: enabled
              stopped_count=0, restarted_count=0
 full_count=0

Compilation events (20 events):
Event: 5.404 Thread 0x000001f22b32f680 2000       4       com.badlogic.gdx.scenes.scene2d.Group::drawChildren (551 bytes)
Event: 5.440 Thread 0x000001f22b32f680 nmethod 2000 0x000001f210780810 code [0x000001f210780ba0, 0x000001f210783428]
Event: 5.440 Thread 0x000001f22b32f680 2001       4       com.badlogic.gdx.maps.MapLayer::getRenderOffsetY (16 bytes)
Event: 5.440 Thread 0x000001f22b32f680 nmethod 2001 0x000001f210785190 code [0x000001f210785300, 0x000001f210785398]
Event: 5.687 Thread 0x000001f22b338b50 2002       3       com.badlogic.gdx.scenes.scene2d.Stage::isInsideViewport (82 bytes)
Event: 5.687 Thread 0x000001f22b338b50 nmethod 2002 0x000001f209548290 code [0x000001f209548460, 0x000001f209548a58]
Event: 5.703 Thread 0x000001f22b338b50 2003       3       com.badlogic.gdx.scenes.scene2d.Stage::mouseMoved (132 bytes)
Event: 5.704 Thread 0x000001f22b338b50 nmethod 2003 0x000001f209548c10 code [0x000001f209548e80, 0x000001f209549b58]
Event: 5.728 Thread 0x000001f22b32f680 2004       4       com.badlogic.gdx.graphics.Color::mul (57 bytes)
Event: 5.729 Thread 0x000001f22b32f680 nmethod 2004 0x000001f210785490 code [0x000001f210785640, 0x000001f2107858f8]
Event: 5.732 Thread 0x000001f22b32f680 2005       4       java.util.ArrayList::iterator (9 bytes)
Event: 5.733 Thread 0x000001f22b32f680 nmethod 2005 0x000001f210785a90 code [0x000001f210785c20, 0x000001f210785d18]
Event: 5.740 Thread 0x000001f22b32f680 2006       4       java.lang.Math::min (46 bytes)
Event: 5.741 Thread 0x000001f22b32f680 nmethod 2006 0x000001f210785e10 code [0x000001f210785fa0, 0x000001f210786098]
Event: 5.785 Thread 0x000001f22b32f680 2007       4       com.gruppo3.game.screens.GameScreen::renderGame (685 bytes)
Event: 5.851 Thread 0x000001f22b32f680 nmethod 2007 0x000001f210786110 code [0x000001f2107866a0, 0x000001f210789b28]
Event: 6.175 Thread 0x000001f22b338b50 2008  s    3       com.badlogic.gdx.InputEventQueue::mouseMoved (83 bytes)
Event: 6.175 Thread 0x000001f22b338b50 nmethod 2008 0x000001f209549f10 code [0x000001f20954a140, 0x000001f20954a6c8]
Event: 6.212 Thread 0x000001f22b338b50 2009       3       com.badlogic.gdx.utils.DelayedRemovalArray::end (138 bytes)
Event: 6.212 Thread 0x000001f22b338b50 nmethod 2009 0x000001f20954aa10 code [0x000001f20954ac80, 0x000001f20954b7f8]

GC Heap History (4 events):
Event: 1.133 GC heap before
{Heap before GC invocations=0 (full 0):
 garbage-first heap   total 524288K, used 20480K [0x0000000601400000, 0x0000000800000000)
  region size 4096K, 6 young (24576K), 0 survivors (0K)
 Metaspace       used 7274K, committed 7424K, reserved 1064960K
  class space    used 579K, committed 640K, reserved 1048576K
}
Event: 1.136 GC heap after
{Heap after GC invocations=1 (full 0):
 garbage-first heap   total 524288K, used 4006K [0x0000000601400000, 0x0000000800000000)
  region size 4096K, 1 young (4096K), 1 survivors (4096K)
 Metaspace       used 7274K, committed 7424K, reserved 1064960K
  class space    used 579K, committed 640K, reserved 1048576K
}
Event: 3.943 GC heap before
{Heap before GC invocations=1 (full 0):
 garbage-first heap   total 524288K, used 28582K [0x0000000601400000, 0x0000000800000000)
  region size 4096K, 8 young (32768K), 1 survivors (4096K)
 Metaspace       used 9590K, committed 9792K, reserved 1064960K
  class space    used 796K, committed 896K, reserved 1048576K
}
Event: 3.947 GC heap after
{Heap after GC invocations=2 (full 0):
 garbage-first heap   total 524288K, used 9712K [0x0000000601400000, 0x0000000800000000)
  region size 4096K, 1 young (4096K), 1 survivors (4096K)
 Metaspace       used 9590K, committed 9792K, reserved 1064960K
  class space    used 796K, committed 896K, reserved 1048576K
}

Deoptimization events (20 events):
Event: 3.956 Thread 0x000001f27fac2e40 DEOPT PACKING pc=0x000001f210743a2c sp=0x000000551aaff1e0
Event: 3.956 Thread 0x000001f27fac2e40 DEOPT UNPACKING pc=0x000001f208c023a3 sp=0x000000551aaff160 mode 2
Event: 4.359 Thread 0x000001f27fac2e40 Uncommon trap: trap_request=0xffffffbe fr.pc=0x000001f2107779c4 relative=0x0000000000000da4
Event: 4.359 Thread 0x000001f27fac2e40 Uncommon trap: reason=profile_predicate action=maybe_recompile pc=0x000001f2107779c4 method=com.gruppo3.game.controller.PlayerController.isColliding(Lcom/gruppo3/game/model/Player$PlayerDirection;)Z @ 38 c2
Event: 4.359 Thread 0x000001f27fac2e40 DEOPT PACKING pc=0x000001f2107779c4 sp=0x000000551aaff250
Event: 4.359 Thread 0x000001f27fac2e40 DEOPT UNPACKING pc=0x000001f208c023a3 sp=0x000000551aaff210 mode 2
Event: 4.359 Thread 0x000001f27fac2e40 Uncommon trap: trap_request=0xffffffbe fr.pc=0x000001f2107779c4 relative=0x0000000000000da4
Event: 4.359 Thread 0x000001f27fac2e40 Uncommon trap: reason=profile_predicate action=maybe_recompile pc=0x000001f2107779c4 method=com.gruppo3.game.controller.PlayerController.isColliding(Lcom/gruppo3/game/model/Player$PlayerDirection;)Z @ 38 c2
Event: 4.359 Thread 0x000001f27fac2e40 DEOPT PACKING pc=0x000001f2107779c4 sp=0x000000551aaff250
Event: 4.359 Thread 0x000001f27fac2e40 DEOPT UNPACKING pc=0x000001f208c023a3 sp=0x000000551aaff210 mode 2
Event: 4.359 Thread 0x000001f27fac2e40 Uncommon trap: trap_request=0xffffffbe fr.pc=0x000001f2107779c4 relative=0x0000000000000da4
Event: 4.359 Thread 0x000001f27fac2e40 Uncommon trap: reason=profile_predicate action=maybe_recompile pc=0x000001f2107779c4 method=com.gruppo3.game.controller.PlayerController.isColliding(Lcom/gruppo3/game/model/Player$PlayerDirection;)Z @ 38 c2
Event: 4.359 Thread 0x000001f27fac2e40 DEOPT PACKING pc=0x000001f2107779c4 sp=0x000000551aaff250
Event: 4.359 Thread 0x000001f27fac2e40 DEOPT UNPACKING pc=0x000001f208c023a3 sp=0x000000551aaff210 mode 2
Event: 4.359 Thread 0x000001f27fac2e40 Uncommon trap: trap_request=0xffffffbe fr.pc=0x000001f2107779c4 relative=0x0000000000000da4
Event: 4.359 Thread 0x000001f27fac2e40 Uncommon trap: reason=profile_predicate action=maybe_recompile pc=0x000001f2107779c4 method=com.gruppo3.game.controller.PlayerController.isColliding(Lcom/gruppo3/game/model/Player$PlayerDirection;)Z @ 38 c2
Event: 4.359 Thread 0x000001f27fac2e40 DEOPT PACKING pc=0x000001f2107779c4 sp=0x000000551aaff250
Event: 4.359 Thread 0x000001f27fac2e40 DEOPT UNPACKING pc=0x000001f208c023a3 sp=0x000000551aaff210 mode 2
Event: 4.584 Thread 0x000001f27fac2e40 DEOPT PACKING pc=0x000001f209480edb sp=0x000000551aaff190
Event: 4.584 Thread 0x000001f27fac2e40 DEOPT UNPACKING pc=0x000001f208c02b43 sp=0x000000551aafe648 mode 0

Classes unloaded (0 events):
No events

Classes redefined (0 events):
No events

Internal exceptions (20 events):
Event: 0.237 Thread 0x000001f27fac2e40 Exception <a 'sun/nio/fs/WindowsException'{0x0000000620faa228}> (0x0000000620faa228) 
thrown [s\open\src\hotspot\share\prims\jni.cpp, line 516]
Event: 0.285 Thread 0x000001f27fac2e40 Exception <a 'java/lang/NoSuchMethodError'{0x00000006208fe898}: 'int java.lang.invoke.DirectMethodHandle$Holder.invokeStaticInit(java.lang.Object, java.lang.Object, int, long)'> (0x00000006208fe898) 
thrown [s\open\src\hotspot\share\interpreter\linkResolver.cpp, line 759]
Event: 0.285 Thread 0x000001f27fac2e40 Exception <a 'java/lang/NoSuchMethodError'{0x0000000620904160}: 'java.lang.Object java.lang.invoke.DirectMethodHandle$Holder.newInvokeSpecial(java.lang.Object, java.lang.Object, int)'> (0x0000000620904160) 
thrown [s\open\src\hotspot\share\interpreter\linkResolver.cpp, line 759]
Event: 0.287 Thread 0x000001f27fac2e40 Exception <a 'java/lang/NoSuchMethodError'{0x0000000620918dc8}: 'int java.lang.invoke.DirectMethodHandle$Holder.invokeStaticInit(java.lang.Object, java.lang.Object, long, long)'> (0x0000000620918dc8) 
thrown [s\open\src\hotspot\share\interpreter\linkResolver.cpp, line 759]
Event: 0.287 Thread 0x000001f27fac2e40 Exception <a 'java/lang/NoSuchMethodError'{0x000000062091eed8}: 'java.lang.Object java.lang.invoke.DirectMethodHandle$Holder.newInvokeSpecial(java.lang.Object, java.lang.Object, long)'> (0x000000062091eed8) 
thrown [s\open\src\hotspot\share\interpreter\linkResolver.cpp, line 759]
Event: 0.288 Thread 0x000001f27fac2e40 Exception <a 'java/lang/NoSuchMethodError'{0x0000000620922f20}: 'java.lang.Object java.lang.invoke.Invokers$Holder.linkToTargetMethod(java.lang.Object, long, java.lang.Object)'> (0x0000000620922f20) 
thrown [s\open\src\hotspot\share\interpreter\linkResolver.cpp, line 759]
Event: 0.288 Thread 0x000001f27fac2e40 Exception <a 'java/lang/NoSuchMethodError'{0x000000062092a638}: 'int java.lang.invoke.DirectMethodHandle$Holder.invokeStaticInit(java.lang.Object, java.lang.Object, java.lang.Object, long)'> (0x000000062092a638) 
thrown [s\open\src\hotspot\share\interpreter\linkResolver.cpp, line 759]
Event: 0.303 Thread 0x000001f27fac2e40 Exception <a 'sun/nio/fs/WindowsException'{0x00000006209e1440}> (0x00000006209e1440) 
thrown [s\open\src\hotspot\share\prims\jni.cpp, line 516]
Event: 0.303 Thread 0x000001f27fac2e40 Exception <a 'sun/nio/fs/WindowsException'{0x00000006209e17d0}> (0x00000006209e17d0) 
thrown [s\open\src\hotspot\share\prims\jni.cpp, line 516]
Event: 0.328 Thread 0x000001f27fac2e40 Exception <a 'sun/nio/fs/WindowsException'{0x0000000620aa7420}> (0x0000000620aa7420) 
thrown [s\open\src\hotspot\share\prims\jni.cpp, line 516]
Event: 0.328 Thread 0x000001f27fac2e40 Exception <a 'sun/nio/fs/WindowsException'{0x0000000620aa7780}> (0x0000000620aa7780) 
thrown [s\open\src\hotspot\share\prims\jni.cpp, line 516]
Event: 0.363 Thread 0x000001f27fac2e40 Exception <a 'sun/nio/fs/WindowsException'{0x0000000620b40248}> (0x0000000620b40248) 
thrown [s\open\src\hotspot\share\prims\jni.cpp, line 516]
Event: 0.363 Thread 0x000001f27fac2e40 Exception <a 'sun/nio/fs/WindowsException'{0x0000000620b405c8}> (0x0000000620b405c8) 
thrown [s\open\src\hotspot\share\prims\jni.cpp, line 516]
Event: 0.410 Thread 0x000001f27fac2e40 Exception <a 'java/lang/NoSuchMethodError'{0x0000000620b8f930}: 'java.lang.Object java.lang.invoke.DirectMethodHandle$Holder.newInvokeSpecial(java.lang.Object, long)'> (0x0000000620b8f930) 
thrown [s\open\src\hotspot\share\interpreter\linkResolver.cpp, line 759]
Event: 0.834 Thread 0x000001f27fac2e40 Exception <a 'sun/nio/fs/WindowsException'{0x00000006205547b8}> (0x00000006205547b8) 
thrown [s\open\src\hotspot\share\prims\jni.cpp, line 516]
Event: 0.834 Thread 0x000001f27fac2e40 Exception <a 'sun/nio/fs/WindowsException'{0x0000000620554b60}> (0x0000000620554b60) 
thrown [s\open\src\hotspot\share\prims\jni.cpp, line 516]
Event: 0.839 Thread 0x000001f27fac2e40 Exception <a 'sun/nio/fs/WindowsException'{0x00000006205660b0}> (0x00000006205660b0) 
thrown [s\open\src\hotspot\share\prims\jni.cpp, line 516]
Event: 0.839 Thread 0x000001f27fac2e40 Exception <a 'sun/nio/fs/WindowsException'{0x0000000620566390}> (0x0000000620566390) 
thrown [s\open\src\hotspot\share\prims\jni.cpp, line 516]
Event: 1.064 Thread 0x000001f27fac2e40 Exception <a 'java/lang/NoSuchMethodError'{0x000000061fd7c008}: 'java.lang.Object java.lang.invoke.Invokers$Holder.invoke_MT(java.lang.Object, java.lang.Object, java.lang.Object)'> (0x000000061fd7c008) 
thrown [s\open\src\hotspot\share\interpreter\linkResolver.cpp, line 759]
Event: 3.801 Thread 0x000001f27fac2e40 Exception <a 'java/lang/NoSuchMethodError'{0x000000061fc37030}: 'java.lang.Object java.lang.invoke.DirectMethodHandle$Holder.invokeStatic(java.lang.Object, int, java.lang.Object)'> (0x000000061fc37030) 
thrown [s\open\src\hotspot\share\interpreter\linkResolver.cpp, line 759]

VM Operations (20 events):
Event: 1.133 Executing VM operation: G1CollectForAllocation
Event: 1.136 Executing VM operation: G1CollectForAllocation done
Event: 1.165 Executing VM operation: HandshakeAllThreads
Event: 1.165 Executing VM operation: HandshakeAllThreads done
Event: 1.167 Executing VM operation: HandshakeAllThreads
Event: 1.167 Executing VM operation: HandshakeAllThreads done
Event: 1.831 Executing VM operation: HandshakeAllThreads
Event: 1.831 Executing VM operation: HandshakeAllThreads done
Event: 1.885 Executing VM operation: HandshakeAllThreads
Event: 1.885 Executing VM operation: HandshakeAllThreads done
Event: 2.884 Executing VM operation: Cleanup
Event: 2.884 Executing VM operation: Cleanup done
Event: 3.793 Executing VM operation: HandshakeAllThreads
Event: 3.793 Executing VM operation: HandshakeAllThreads done
Event: 3.797 Executing VM operation: HandshakeAllThreads
Event: 3.797 Executing VM operation: HandshakeAllThreads done
Event: 3.943 Executing VM operation: G1CollectForAllocation
Event: 3.947 Executing VM operation: G1CollectForAllocation done
Event: 5.947 Executing VM operation: Cleanup
Event: 5.947 Executing VM operation: Cleanup done

Events (20 events):
Event: 3.797 loading class java/time/zone/ZoneRulesProvider
Event: 3.797 loading class java/time/zone/ZoneRulesProvider done
Event: 3.797 loading class java/time/zone/ZoneRulesProvider$1
Event: 3.797 loading class java/time/zone/ZoneRulesProvider$1 done
Event: 3.798 loading class java/time/zone/TzdbZoneRulesProvider
Event: 3.798 loading class java/time/zone/TzdbZoneRulesProvider done
Event: 3.799 loading class java/time/zone/Ser
Event: 3.799 loading class java/time/zone/Ser done
Event: 3.800 loading class java/time/Month
Event: 3.800 loading class java/time/Month done
Event: 3.800 loading class java/time/DayOfWeek
Event: 3.800 loading class java/time/DayOfWeek done
Event: 3.800 loading class java/time/zone/ZoneOffsetTransitionRule$TimeDefinition
Event: 3.800 loading class java/time/zone/ZoneOffsetTransitionRule$TimeDefinition done
Event: 3.800 loading class java/time/zone/ZoneOffsetTransition
Event: 3.800 loading class java/time/zone/ZoneOffsetTransition done
Event: 3.800 loading class java/time/temporal/TemporalAdjusters
Event: 3.800 loading class java/time/temporal/TemporalAdjusters done
Event: 3.801 loading class java/time/zone/ZoneOffsetTransitionRule$1
Event: 3.801 loading class java/time/zone/ZoneOffsetTransitionRule$1 done


Dynamic libraries:
0x00007ff7b7c50000 - 0x00007ff7b7c60000 	C:\Program Files\Java\jdk-17.0.4.1\bin\java.exe
0x00007ff977d10000 - 0x00007ff977f27000 	C:\WINDOWS\SYSTEM32\ntdll.dll
0x00007ff976c30000 - 0x00007ff976cf4000 	C:\WINDOWS\System32\KERNEL32.DLL
0x00007ff9756b0000 - 0x00007ff975a56000 	C:\WINDOWS\System32\KERNELBASE.dll
0x00007ff9750f0000 - 0x00007ff975201000 	C:\WINDOWS\System32\ucrtbase.dll
0x00007ff951770000 - 0x00007ff951788000 	C:\Program Files\Java\jdk-17.0.4.1\bin\jli.dll
0x00007ff945cd0000 - 0x00007ff945cea000 	C:\Program Files\Java\jdk-17.0.4.1\bin\VCRUNTIME140.dll
0x00007ff976b40000 - 0x00007ff976bf1000 	C:\WINDOWS\System32\ADVAPI32.dll
0x00007ff975a60000 - 0x00007ff975b07000 	C:\WINDOWS\System32\msvcrt.dll
0x00007ff975f70000 - 0x00007ff976015000 	C:\WINDOWS\System32\sechost.dll
0x00007ff9763b0000 - 0x00007ff9764c7000 	C:\WINDOWS\System32\RPCRT4.dll
0x00007ff977a90000 - 0x00007ff977c3e000 	C:\WINDOWS\System32\USER32.dll
0x00007ff94ec60000 - 0x00007ff94eef3000 	C:\WINDOWS\WinSxS\amd64_microsoft.windows.common-controls_6595b64144ccf1df_6.0.22621.2506_none_270c5ae97388e100\COMCTL32.dll
0x00007ff975680000 - 0x00007ff9756a6000 	C:\WINDOWS\System32\win32u.dll
0x00007ff976220000 - 0x00007ff976249000 	C:\WINDOWS\System32\GDI32.dll
0x00007ff975440000 - 0x00007ff975558000 	C:\WINDOWS\System32\gdi32full.dll
0x00007ff96bdb0000 - 0x00007ff96bdba000 	C:\WINDOWS\SYSTEM32\VERSION.dll
0x00007ff9755e0000 - 0x00007ff97567a000 	C:\WINDOWS\System32\msvcp_win.dll
0x00007ff976f40000 - 0x00007ff976f71000 	C:\WINDOWS\System32\IMM32.DLL
0x00007ff954dd0000 - 0x00007ff954ddc000 	C:\Program Files\Java\jdk-17.0.4.1\bin\vcruntime140_1.dll
0x00007ff91bec0000 - 0x00007ff91bf4d000 	C:\Program Files\Java\jdk-17.0.4.1\bin\msvcp140.dll
0x00007ff8a33d0000 - 0x00007ff8a3f92000 	C:\Program Files\Java\jdk-17.0.4.1\bin\server\jvm.dll
0x00007ff977a80000 - 0x00007ff977a88000 	C:\WINDOWS\System32\PSAPI.DLL
0x00007ff96c5d0000 - 0x00007ff96c5d9000 	C:\WINDOWS\SYSTEM32\WSOCK32.dll
0x00007ff96c550000 - 0x00007ff96c584000 	C:\WINDOWS\SYSTEM32\WINMM.dll
0x00007ff976ec0000 - 0x00007ff976f31000 	C:\WINDOWS\System32\WS2_32.dll
0x00007ff974040000 - 0x00007ff974058000 	C:\WINDOWS\SYSTEM32\kernel.appcore.dll
0x00007ff954670000 - 0x00007ff95467a000 	C:\Program Files\Java\jdk-17.0.4.1\bin\jimage.dll
0x00007ff972bb0000 - 0x00007ff972de3000 	C:\WINDOWS\SYSTEM32\DBGHELP.DLL
0x00007ff975be0000 - 0x00007ff975f69000 	C:\WINDOWS\System32\combase.dll
0x00007ff976140000 - 0x00007ff976217000 	C:\WINDOWS\System32\OLEAUT32.dll
0x00007ff92ed20000 - 0x00007ff92ed52000 	C:\WINDOWS\SYSTEM32\dbgcore.DLL
0x00007ff975560000 - 0x00007ff9755da000 	C:\WINDOWS\System32\bcryptPrimitives.dll
0x00007ff92df20000 - 0x00007ff92df45000 	C:\Program Files\Java\jdk-17.0.4.1\bin\java.dll
0x00007ff8ea640000 - 0x00007ff8ea716000 	C:\Program Files\Java\jdk-17.0.4.1\bin\jsvml.dll
0x00007ff977080000 - 0x00007ff9778da000 	C:\WINDOWS\System32\SHELL32.dll
0x00007ff972f50000 - 0x00007ff973846000 	C:\WINDOWS\SYSTEM32\windows.storage.dll
0x00007ff972e10000 - 0x00007ff972f4e000 	C:\WINDOWS\SYSTEM32\wintypes.dll
0x00007ff9764e0000 - 0x00007ff9765d3000 	C:\WINDOWS\System32\SHCORE.dll
0x00007ff975b80000 - 0x00007ff975bde000 	C:\WINDOWS\System32\shlwapi.dll
0x00007ff974fb0000 - 0x00007ff974fd6000 	C:\WINDOWS\SYSTEM32\profapi.dll
0x00007ff9442c0000 - 0x00007ff9442d9000 	C:\Program Files\Java\jdk-17.0.4.1\bin\net.dll
0x00007ff96d980000 - 0x00007ff96dab7000 	C:\WINDOWS\SYSTEM32\WINHTTP.dll
0x00007ff9744b0000 - 0x00007ff974519000 	C:\WINDOWS\system32\mswsock.dll
0x00007ff931120000 - 0x00007ff931136000 	C:\Program Files\Java\jdk-17.0.4.1\bin\nio.dll
0x00007ff931100000 - 0x00007ff931118000 	C:\Program Files\Java\jdk-17.0.4.1\bin\zip.dll
0x000000006e700000 - 0x000000006e72d000 	C:\Users\andre\AppData\Local\Temp\libgdxandre\7a778cac\gdx64.dll
0x00007ff9005e0000 - 0x00007ff90065a000 	C:\Users\andre\AppData\Local\Temp\lwjgl_andre\3.3.2+13\x64\lwjgl.dll
0x00007ff8d6c50000 - 0x00007ff8d6ec0000 	C:\Users\andre\AppData\Local\Temp\lwjgl_andre\3.3.2+13\x64\jemalloc.dll
0x00007ff900550000 - 0x00007ff9005d2000 	C:\Users\andre\AppData\Local\Temp\lwjgl_andre\3.3.2+13\x64\glfw.dll
0x00007ff918990000 - 0x00007ff9189d6000 	C:\WINDOWS\SYSTEM32\dinput8.dll
0x00007ff94f510000 - 0x00007ff94f521000 	C:\WINDOWS\SYSTEM32\xinput1_4.dll
0x00007ff974c80000 - 0x00007ff974cce000 	C:\WINDOWS\SYSTEM32\cfgmgr32.dll
0x00007ff974c50000 - 0x00007ff974c7c000 	C:\WINDOWS\SYSTEM32\DEVOBJ.dll
0x00007ff972670000 - 0x00007ff97269b000 	C:\WINDOWS\SYSTEM32\dwmapi.dll
0x00007ff967bb0000 - 0x00007ff967dba000 	C:\WINDOWS\SYSTEM32\inputhost.dll
0x00007ff971db0000 - 0x00007ff971ee3000 	C:\WINDOWS\SYSTEM32\CoreMessaging.dll
0x00007ff972260000 - 0x00007ff97230b000 	C:\WINDOWS\system32\uxtheme.dll
0x00007ff976250000 - 0x00007ff9763a0000 	C:\WINDOWS\System32\MSCTF.dll
0x00007ff9747e0000 - 0x00007ff9747ec000 	C:\WINDOWS\SYSTEM32\CRYPTBASE.DLL
0x00007ff8d5bc0000 - 0x00007ff8d5d85000 	C:\Users\andre\AppData\Local\Temp\lwjgl_andre\3.3.2+13\x64\OpenAL.dll
0x00007ff9778e0000 - 0x00007ff977a80000 	C:\WINDOWS\System32\ole32.dll
0x00007ff976090000 - 0x00007ff976140000 	C:\WINDOWS\System32\clbcatq.dll
0x00007ff9594f0000 - 0x00007ff95958d000 	C:\WINDOWS\System32\MMDevApi.dll
0x00007ff94f6e0000 - 0x00007ff94f8cc000 	C:\WINDOWS\SYSTEM32\AUDIOSES.DLL
0x00007ff972710000 - 0x00007ff972725000 	C:\WINDOWS\SYSTEM32\resourcepolicyclient.dll
0x00007ff974f50000 - 0x00007ff974f9d000 	C:\WINDOWS\SYSTEM32\powrprof.dll
0x00007ff974f30000 - 0x00007ff974f43000 	C:\WINDOWS\SYSTEM32\UMPDC.dll
0x00007ff8ddd30000 - 0x00007ff8dde30000 	C:\WINDOWS\SYSTEM32\opengl32.dll
0x00007ff95acb0000 - 0x00007ff95acdd000 	C:\WINDOWS\SYSTEM32\GLU32.dll
0x00007ff972520000 - 0x00007ff972556000 	C:\WINDOWS\SYSTEM32\dxcore.dll
0x00007ff96ce40000 - 0x00007ff96cf75000 	C:\Windows\System32\AppXDeploymentClient.dll
0x00007ff8e1300000 - 0x00007ff8e3eec000 	C:\WINDOWS\System32\DriverStore\FileRepository\nvmdi.inf_amd64_1e678564fff99713\nvoglv64.dll
0x00007ff976660000 - 0x00007ff976ad4000 	C:\WINDOWS\System32\SETUPAPI.dll
0x00007ff973df0000 - 0x00007ff973e04000 	C:\WINDOWS\SYSTEM32\WTSAPI32.dll
0x00007ff974c30000 - 0x00007ff974c42000 	C:\WINDOWS\SYSTEM32\msasn1.dll
0x00007ff96ae50000 - 0x00007ff96ae82000 	C:\WINDOWS\SYSTEM32\cryptnet.dll
0x00007ff9752d0000 - 0x00007ff975436000 	C:\WINDOWS\System32\CRYPT32.dll
0x00007ff96ab40000 - 0x00007ff96ac98000 	C:\WINDOWS\SYSTEM32\drvstore.dll
0x00007ff974730000 - 0x00007ff97477b000 	C:\WINDOWS\SYSTEM32\wldp.dll
0x00007ff975080000 - 0x00007ff9750eb000 	C:\WINDOWS\System32\wintrust.dll
0x00007ff976c00000 - 0x00007ff976c1f000 	C:\WINDOWS\System32\imagehlp.dll
0x00007ff974840000 - 0x00007ff97485b000 	C:\WINDOWS\SYSTEM32\CRYPTSP.dll
0x00007ff973fa0000 - 0x00007ff973fd5000 	C:\WINDOWS\system32\rsaenh.dll
0x00007ff9748c0000 - 0x00007ff9748e8000 	C:\WINDOWS\SYSTEM32\bcrypt.dll
0x00007ff974520000 - 0x00007ff974546000 	C:\WINDOWS\SYSTEM32\gpapi.dll
0x00007ff95d5a0000 - 0x00007ff95f78e000 	C:\WINDOWS\System32\DriverStore\FileRepository\nvmdi.inf_amd64_1e678564fff99713\nvgpucomp64.dll
0x00007ff974060000 - 0x00007ff974094000 	C:\WINDOWS\SYSTEM32\ntmarta.dll
0x00007ff91aba0000 - 0x00007ff91ae71000 	C:\WINDOWS\system32\nvspcap64.dll
0x00007ff974e00000 - 0x00007ff974e66000 	C:\WINDOWS\SYSTEM32\WINSTA.dll
0x00007ff8fc690000 - 0x00007ff8fc6ee000 	C:\Users\andre\AppData\Local\Temp\lwjgl_andre\3.3.2+13\x64\lwjgl_opengl.dll
0x00007ff96df20000 - 0x00007ff96e06a000 	C:\WINDOWS\SYSTEM32\textinputframework.dll
0x00007ff96eae0000 - 0x00007ff96ee4c000 	C:\WINDOWS\SYSTEM32\CoreUIComponents.dll
0x000000006a340000 - 0x000000006a3f4000 	C:\Users\andre\AppData\Local\Temp\libgdxandre\f88e8dd5\gdx-freetype64.dll

dbghelp: loaded successfully - version: 4.0.5 - missing functions: none
symbol engine: initialized successfully - sym options: 0x614 - pdb path: .;C:\Program Files\Java\jdk-17.0.4.1\bin;C:\WINDOWS\SYSTEM32;C:\WINDOWS\WinSxS\amd64_microsoft.windows.common-controls_6595b64144ccf1df_6.0.22621.2506_none_270c5ae97388e100;C:\Program Files\Java\jdk-17.0.4.1\bin\server;C:\Users\andre\AppData\Local\Temp\libgdxandre\7a778cac;C:\Users\andre\AppData\Local\Temp\lwjgl_andre\3.3.2+13\x64;C:\WINDOWS\System32\DriverStore\FileRepository\nvmdi.inf_amd64_1e678564fff99713;C:\Users\andre\AppData\Local\Temp\libgdxandre\f88e8dd5

VM Arguments:
jvm_args: -Dfile.encoding=UTF-8 -Duser.country=IT -Duser.language=it -Duser.variant 
java_command: com.gruppo3.game.DesktopLauncher
java_class_path (initial): C:\Users\andre\OneDrive\Desktop\giocoiss\desktop\build\classes\java\main;C:\Users\andre\OneDrive\Desktop\giocoiss\desktop\build\resources\main;C:\Users\andre\.gradle\caches\modules-2\files-2.1\com.badlogicgames.gdx\gdx-backend-lwjgl3\1.12.0\3f86d55b930c4ff54661e85163d96a84e4ead725\gdx-backend-lwjgl3-1.12.0.jar;C:\Users\andre\.gradle\caches\modules-2\files-2.1\com.badlogicgames.gdx\gdx-platform\1.12.0\47e1147f66a38eb0fad40582df5175f6326ce5b8\gdx-platform-1.12.0-natives-desktop.jar;C:\Users\andre\.gradle\caches\modules-2\files-2.1\com.badlogicgames.gdx\gdx-box2d-platform\1.12.0\7b6b430c4a58354e86722759298472948f341f3b\gdx-box2d-platform-1.12.0-natives-desktop.jar;C:\Users\andre\.gradle\caches\modules-2\files-2.1\com.badlogicgames.gdx\gdx-freetype-platform\1.12.0\d123cfd023644940ddbb195c36215c656fa26569\gdx-freetype-platform-1.12.0-natives-desktop.jar;C:\Users\andre\OneDrive\Desktop\giocoiss\core\build\libs\core-1.0.jar;C:\Users\andre\.gradle\caches\modules-2\files-2.1\com.badlogicgames.gdx\gdx-box2d\1.12.0\aea4c00da8a8faad8cfe6345d804277229e70aba\gdx-box2d-1.12.0.jar;C:\Users\andre\.gradle\caches\modules-2\files-2.1\com.badlogicgames.gdx\gdx-ai\1.8.2\ab75d2ce80ab1b1ce6828a15dc0f417abac4c674\gdx-ai-1.8.2.jar;C:\Users\andre\.gradle\caches\modules-2\files-2.1\com.badlogicgames.gdx\gdx-freetype\1.12.0\5c9ce57d7e95c35dead37f674d23c023c1a4167d\gdx-freetype-1.12.0.jar;C:\Users\andre\.gradle\caches\modules-2\files-2.1\com.badlogicgames.gdx\gdx-backend-headless\1.12.0\db2a55d927f740bb4d53000c09e788cc63372f6\gdx-backend-headless-1.12.0.jar;C:\Users\andre\.gradle\caches\modules-2\files-2.1\com.badlogicgames.gdx\gdx\1.12.0\8a9080c5e2d441e43a44fbcbf721374a2e0b9dfa\gdx-1.12.0.jar;C:\Users\andre\.gradle\caches\modules-2\files-2.1\org.lwjgl\lwjgl-glfw\3.3.2\757920418805fb90bfebb3d46b1d9e7669fca2eb\lwjgl-glfw-3.3.2.jar;C:\Users\andre\.gradle\caches\modules-2\files-2.1\org.lwjgl\lwjgl-glfw\3.3.2\766bb0e8e829598b1c8052fd8173c62af741c52\lwjgl-glfw-3.3.2-nativ
Launcher Type: SUN_STANDARD

[Global flags]
     intx CICompilerCount                          = 4                                         {product} {ergonomic}
     uint ConcGCThreads                            = 2                                         {product} {ergonomic}
     uint G1ConcRefinementThreads                  = 8                                         {product} {ergonomic}
   size_t G1HeapRegionSize                         = 4194304                                   {product} {ergonomic}
    uintx GCDrainStackTargetSize                   = 64                                        {product} {ergonomic}
   size_t InitialHeapSize                          = 536870912                                 {product} {ergonomic}
   size_t MarkStackSize                            = 4194304                                   {product} {ergonomic}
   size_t MaxHeapSize                              = 8568963072                                {product} {ergonomic}
   size_t MaxNewSize                               = 5138022400                                {product} {ergonomic}
   size_t MinHeapDeltaBytes                        = 4194304                                   {product} {ergonomic}
   size_t MinHeapSize                              = 8388608                                   {product} {ergonomic}
    uintx NonNMethodCodeHeapSize                   = 5839372                                {pd product} {ergonomic}
    uintx NonProfiledCodeHeapSize                  = 122909434                              {pd product} {ergonomic}
    uintx ProfiledCodeHeapSize                     = 122909434                              {pd product} {ergonomic}
    uintx ReservedCodeCacheSize                    = 251658240                              {pd product} {ergonomic}
     bool SegmentedCodeCache                       = true                                      {product} {ergonomic}
   size_t SoftMaxHeapSize                          = 8568963072                             {manageable} {ergonomic}
     bool UseCompressedClassPointers               = true                           {product lp64_product} {ergonomic}
     bool UseCompressedOops                        = true                           {product lp64_product} {ergonomic}
     bool UseG1GC                                  = true                                      {product} {ergonomic}
     bool UseLargePagesIndividualAllocation        = false                                  {pd product} {ergonomic}

Logging:
Log output configuration:
 #0: stdout all=warning uptime,level,tags
 #1: stderr all=off uptime,level,tags

Environment Variables:
CLASSPATH=c:\Users\andre\.vscode\extensions\vscjava.vscode-gradle-3.13.5\lib\gradle-server.jar
PATH=C:\Python312\Scripts\;C:\Python312\;C:\Program Files\NVIDIA GPU Computing Toolkit\CUDA\v12.0\bin;C:\Program Files\NVIDIA GPU Computing Toolkit\CUDA\v12.0\libnvvp;C:\Program Files\Common Files\Oracle\Java\javapath;C:\Program Files (x86)\Common Files\Oracle\Java\javapath;C:\Program Files (x86)\Razer Chroma SDK\bin;C:\Program Files\Razer Chroma SDK\bin;C:\Program Files (x86)\Razer\ChromaBroadcast\bin;C:\Program Files\Razer\ChromaBroadcast\bin;C:\Program Files\Oculus\Support\oculus-runtime;C:\WINDOWS\system32;C:\WINDOWS;C:\WINDOWS\System32\Wbem;C:\WINDOWS\System32\WindowsPowerShell\v1.0\;C:\WINDOWS\System32\OpenSSH\;C:\Program Files\NVIDIA Corporation\NVIDIA NvDLISR;C:\WINDOWS\system32\config\systemprofile\AppData\Local\Microsoft\WindowsApps;C:\Program Files (x86)\NVIDIA Corporation\PhysX\Common;C:\WINDOWS\system32;C:\WINDOWS;C:\WINDOWS\System32\Wbem;C:\WINDOWS\System32\WindowsPowerShell\v1.0\;C:\WINDOWS\System32\OpenSSH\;C:\Program Files\dotnet\;C:\Program Files\NVIDIA Corporation\Nsight Compute 2022.4.1\;C:\Program Files (x86)\PDFtk\bin\;C:\Program Files\PuTTY\;C:\Program Files\Cloudflare\Cloudflare WARP\;C:\Program Files\maven\apache-maven-3.9.5\bin;C:\Program Files\nodejs\;C:\ProgramData\chocolatey\bin;C:\php;C:\ProgramData\ComposerSetup\bin;C:\Program Files\Git\cmd;C:\Users\andre\AppData\Local\Microsoft\WindowsApps;C:\Users\andre\AppData\Local\Programs\Microsoft VS Code\bin;C:\msys64\mingw64\bin;C:\Program Files\mingw-w64\x86_64-8.1.0-posix-seh-rt_v6-rev0\mingw64\bin;C:\Program Files\JetBrains\IntelliJ IDEA Community Edition 2022.3.1\bin;;C:\Users\andre\AppData\Local\GitHubDesktop\bin;C:\Users\andre\AppData\Roaming\npm;C:\Users\andre\AppData\Roaming\Composer\vendor\bin
USERNAME=andre
OS=Windows_NT
PROCESSOR_IDENTIFIER=Intel64 Family 6 Model 158 Stepping 12, GenuineIntel



---------------  S Y S T E M  ---------------

OS:
 Windows 11 , 64 bit Build 22621 (10.0.22621.2506)
OS uptime: 21 days 19:50 hours
Hyper-V role detected

CPU: total 8 (initial active 8) (8 cores per cpu, 1 threads per core) family 6 model 158 stepping 12 microcode 0xde, cx8, cmov, fxsr, mmx, 3dnowpref, sse, sse2, sse3, ssse3, sse4.1, sse4.2, popcnt, lzcnt, tsc, tscinvbit, avx, avx2, aes, erms, clmul, bmi1, bmi2, rtm, adx, fma, vzeroupper, clflush, clflushopt, hv

Memory: 4k page, system-wide physical 32675M (16129M free)
TotalPageFile size 40782M (AvailPageFile size 5040M)
current process WorkingSet (physical memory assigned to process): 202M, peak: 209M
current process commit charge ("private bytes"): 837M, peak: 855M

vm_info: Java HotSpot(TM) 64-Bit Server VM (17.0.4.1+1-LTS-2) for windows-amd64 JRE (17.0.4.1+1-LTS-2), built on Aug 16 2022 18:32:06 by "mach5one" with MS VC++ 16.8 / 16.9 (VS2019)

END.
